2026-03-12 17:44:07,815 NanoQC started.
2026-03-12 17:44:08,484 Extracting nucleotides and quality scores.
2026-03-12 17:44:09,316 Using 7232 reads with a minimum length of 200bp for plotting
2026-03-12 17:44:09,316 Creating plots...
2026-03-12 17:44:09,697 Per base sequence content and quality completed.
2026-03-12 17:44:10,111 Finished!
2026-03-12 19:02:08,933 NanoQC started.
2026-03-12 19:02:10,027 Extracting nucleotides and quality scores.
2026-03-12 19:02:11,904 Using 7232 reads with a minimum length of 200bp for plotting
2026-03-12 19:02:11,904 Creating plots...
2026-03-12 19:02:12,754 Per base sequence content and quality completed.
2026-03-12 19:02:13,026 Finished!
2026-03-12 20:23:02,210 NanoQC started.
2026-03-12 20:23:03,376 Extracting nucleotides and quality scores.
2026-03-12 20:23:04,600 Using 7232 reads with a minimum length of 200bp for plotting
2026-03-12 20:23:04,604 Creating plots...
2026-03-12 20:23:05,215 Per base sequence content and quality completed.
2026-03-12 20:23:05,620 Finished!
2026-03-12 21:04:29,202 NanoQC started.
2026-03-12 21:04:29,822 Extracting nucleotides and quality scores.
2026-03-12 21:04:30,744 Using 7232 reads with a minimum length of 200bp for plotting
2026-03-12 21:04:30,744 Creating plots...
2026-03-12 21:04:31,168 Per base sequence content and quality completed.
2026-03-12 21:04:31,307 Finished!
2026-03-12 21:32:26,675 NanoQC started.
2026-03-12 21:32:27,338 Extracting nucleotides and quality scores.
2026-03-12 21:32:28,236 Using 7232 reads with a minimum length of 200bp for plotting
2026-03-12 21:32:28,236 Creating plots...
2026-03-12 21:32:28,623 Per base sequence content and quality completed.
2026-03-12 21:32:28,749 Finished!
